<?xml version="1.0" encoding="UTF-8"?>
<!-- Generated by org.testng.reporters.JUnitReportReporter -->
<testsuite hostname="DESKTOP-8F6T45G" failures="0" tests="1" name="DatabaseValidations.DatabaseValidation" time="0.517" errors="0" timestamp="2021-01-14T12:58:20 EST" skipped="0">
  <testcase classname="DatabaseValidations.DatabaseValidation" name="testmethod" time="0.517"/>
  <system-out/>
</testsuite> <!-- DatabaseValidations.DatabaseValidation -->
