<?xml version="1.0" encoding="UTF-8"?>
<!-- Generated by org.testng.reporters.JUnitReportReporter -->
<testsuite hostname="DESKTOP-8F6T45G" failures="0" tests="1" name="cucumberOptions.NF_TestRunner" time="32.078" errors="0" timestamp="2021-01-14T12:44:08 EST" skipped="0">
  <testcase classname="cucumberOptions.NF_TestRunner" name="feature" time="32.078"/>
  <system-out/>
</testsuite> <!-- cucumberOptions.NF_TestRunner -->
