<?xml version="1.0" encoding="UTF-8"?>
<!-- Generated by org.testng.reporters.JUnitReportReporter -->
<testsuite hostname="DESKTOP-8F6T45G" failures="0" tests="1" name="cucumberOptions.SF_TestRunner" time="10.019" errors="0" timestamp="2021-01-14T12:44:08 EST" skipped="0">
  <testcase classname="cucumberOptions.SF_TestRunner" name="feature" time="10.019"/>
  <system-out/>
</testsuite> <!-- cucumberOptions.SF_TestRunner -->
